<?xml version="1.0" encoding="UTF-8"?>
<!-- Generated by org.testng.reporters.JUnitXMLReporter -->
<testsuite hostname="jia-PC" name="test" tests="4" failures="2" timestamp="7 Aug 2017 09:02:59 GMT" time="7.988" errors="0">
  <testcase name="login02" time="0.476" classname="com.etyero.testcase.WebDriverDemo02"/>
  <testcase name="login02" time="0.038" classname="com.etyero.testcase.WebDriverDemo02">
    <failure type="org.openqa.selenium.WebDriverException" message="unknown error: Element &amp;lt;div id=&amp;quot;headLogin&amp;quot; class=&amp;quot;login&amp;quot; onclick=&amp;quot;openlogin()&amp;quot;&amp;gt;...&amp;lt;/div&amp;gt; is not clickable at point (1357, 30). Other element would receive the click: &amp;lt;div class=&amp;quot;ui-widget-overlay&amp;quot; style=&amp;quot;width: 1920px; height: 2058px; z-index: 1001;&amp;quot;&amp;gt;&amp;lt;/div&amp;gt;
  (Session info: chrome=59.0.3071.115)
  (Driver info: chromedriver=2.29.461591 (62ebf098771772160f391d75e589dc567915b233),platform=Windows NT 6.1.7601 SP1 x86_64) (WARNING: The server did not provide any stacktrace information)
Command duration or timeout: 23 milliseconds
Build info: version: &amp;apos;2.47.1&amp;apos;, revision: &amp;apos;411b314&amp;apos;, time: &amp;apos;2015-07-30 02:56:46&amp;apos;
System info: host: &amp;apos;jia-PC&amp;apos;, ip: &amp;apos;192.168.88.58&amp;apos;, os.name: &amp;apos;Windows 7&amp;apos;, os.arch: &amp;apos;amd64&amp;apos;, os.version: &amp;apos;6.1&amp;apos;, java.version: &amp;apos;1.8.0_101&amp;apos;
Driver info: org.openqa.selenium.chrome.ChromeDriver
Capabilities [{applicationCacheEnabled=false, rotatable=false, mobileEmulationEnabled=false, networkConnectionEnabled=false, chrome={chromedriverVersion=2.29.461591 (62ebf098771772160f391d75e589dc567915b233), userDataDir=C:\Users\jia\AppData\Local\Temp\scoped_dir6516_17510}, takesHeapSnapshot=true, pageLoadStrategy=normal, databaseEnabled=false, handlesAlerts=true, hasTouchScreen=false, version=59.0.3071.115, platform=XP, browserConnectionEnabled=false, nativeEvents=true, acceptSslCerts=true, locationContextEnabled=true, webStorageEnabled=true, browserName=chrome, takesScreenshot=true, javascriptEnabled=true, cssSelectorsEnabled=true, unexpectedAlertBehaviour=}]
Session ID: be601e46d53a6fb912cd8eee2e9c3a3e">
      <![CDATA[org.openqa.selenium.WebDriverException: unknown error: Element <div id="headLogin" class="login" onclick="openlogin()">...</div> is not clickable at point (1357, 30). Other element would receive the click: <div class="ui-widget-overlay" style="width: 1920px; height: 2058px; z-index: 1001;"></div>
  (Session info: chrome=59.0.3071.115)
  (Driver info: chromedriver=2.29.461591 (62ebf098771772160f391d75e589dc567915b233),platform=Windows NT 6.1.7601 SP1 x86_64) (WARNING: The server did not provide any stacktrace information)
Command duration or timeout: 23 milliseconds
Build info: version: '2.47.1', revision: '411b314', time: '2015-07-30 02:56:46'
System info: host: 'jia-PC', ip: '192.168.88.58', os.name: 'Windows 7', os.arch: 'amd64', os.version: '6.1', java.version: '1.8.0_101'
Driver info: org.openqa.selenium.chrome.ChromeDriver
Capabilities [{applicationCacheEnabled=false, rotatable=false, mobileEmulationEnabled=false, networkConnectionEnabled=false, chrome={chromedriverVersion=2.29.461591 (62ebf098771772160f391d75e589dc567915b233), userDataDir=C:\Users\jia\AppData\Local\Temp\scoped_dir6516_17510}, takesHeapSnapshot=true, pageLoadStrategy=normal, databaseEnabled=false, handlesAlerts=true, hasTouchScreen=false, version=59.0.3071.115, platform=XP, browserConnectionEnabled=false, nativeEvents=true, acceptSslCerts=true, locationContextEnabled=true, webStorageEnabled=true, browserName=chrome, takesScreenshot=true, javascriptEnabled=true, cssSelectorsEnabled=true, unexpectedAlertBehaviour=}]
Session ID: be601e46d53a6fb912cd8eee2e9c3a3e
	at org.openqa.selenium.remote.ErrorHandler.createThrowable(ErrorHandler.java:206)
	at org.openqa.selenium.remote.ErrorHandler.throwIfResponseFailed(ErrorHandler.java:158)
	at org.openqa.selenium.remote.RemoteWebDriver.execute(RemoteWebDriver.java:595)
	at org.openqa.selenium.remote.RemoteWebElement.execute(RemoteWebElement.java:273)
	at org.openqa.selenium.remote.RemoteWebElement.click(RemoteWebElement.java:84)
	at com.etyero.utils.UIExecutorImpl.click(UIExecutorImpl.java:41)
	at com.etyero.object.BasePage.click(BasePage.java:35)
	at com.etyero.action.Login.login(Login.java:19)
	at com.etyero.testcase.WebDriverDemo02.login02(WebDriverDemo02.java:46)
... Removed 28 stack frames]]>
    </failure>
  </testcase> <!-- login02 -->
  <testcase name="login02" time="0.035" classname="com.etyero.testcase.WebDriverDemo02">
    <failure type="org.openqa.selenium.WebDriverException" message="unknown error: Element &amp;lt;div id=&amp;quot;headLogin&amp;quot; class=&amp;quot;login&amp;quot; onclick=&amp;quot;openlogin()&amp;quot;&amp;gt;...&amp;lt;/div&amp;gt; is not clickable at point (1357, 30). Other element would receive the click: &amp;lt;div class=&amp;quot;ui-widget-overlay&amp;quot; style=&amp;quot;width: 1920px; height: 2058px; z-index: 1001;&amp;quot;&amp;gt;&amp;lt;/div&amp;gt;
  (Session info: chrome=59.0.3071.115)
  (Driver info: chromedriver=2.29.461591 (62ebf098771772160f391d75e589dc567915b233),platform=Windows NT 6.1.7601 SP1 x86_64) (WARNING: The server did not provide any stacktrace information)
Command duration or timeout: 19 milliseconds
Build info: version: &amp;apos;2.47.1&amp;apos;, revision: &amp;apos;411b314&amp;apos;, time: &amp;apos;2015-07-30 02:56:46&amp;apos;
System info: host: &amp;apos;jia-PC&amp;apos;, ip: &amp;apos;192.168.88.58&amp;apos;, os.name: &amp;apos;Windows 7&amp;apos;, os.arch: &amp;apos;amd64&amp;apos;, os.version: &amp;apos;6.1&amp;apos;, java.version: &amp;apos;1.8.0_101&amp;apos;
Driver info: org.openqa.selenium.chrome.ChromeDriver
Capabilities [{applicationCacheEnabled=false, rotatable=false, mobileEmulationEnabled=false, networkConnectionEnabled=false, chrome={chromedriverVersion=2.29.461591 (62ebf098771772160f391d75e589dc567915b233), userDataDir=C:\Users\jia\AppData\Local\Temp\scoped_dir6516_17510}, takesHeapSnapshot=true, pageLoadStrategy=normal, databaseEnabled=false, handlesAlerts=true, hasTouchScreen=false, version=59.0.3071.115, platform=XP, browserConnectionEnabled=false, nativeEvents=true, acceptSslCerts=true, locationContextEnabled=true, webStorageEnabled=true, browserName=chrome, takesScreenshot=true, javascriptEnabled=true, cssSelectorsEnabled=true, unexpectedAlertBehaviour=}]
Session ID: be601e46d53a6fb912cd8eee2e9c3a3e">
      <![CDATA[org.openqa.selenium.WebDriverException: unknown error: Element <div id="headLogin" class="login" onclick="openlogin()">...</div> is not clickable at point (1357, 30). Other element would receive the click: <div class="ui-widget-overlay" style="width: 1920px; height: 2058px; z-index: 1001;"></div>
  (Session info: chrome=59.0.3071.115)
  (Driver info: chromedriver=2.29.461591 (62ebf098771772160f391d75e589dc567915b233),platform=Windows NT 6.1.7601 SP1 x86_64) (WARNING: The server did not provide any stacktrace information)
Command duration or timeout: 19 milliseconds
Build info: version: '2.47.1', revision: '411b314', time: '2015-07-30 02:56:46'
System info: host: 'jia-PC', ip: '192.168.88.58', os.name: 'Windows 7', os.arch: 'amd64', os.version: '6.1', java.version: '1.8.0_101'
Driver info: org.openqa.selenium.chrome.ChromeDriver
Capabilities [{applicationCacheEnabled=false, rotatable=false, mobileEmulationEnabled=false, networkConnectionEnabled=false, chrome={chromedriverVersion=2.29.461591 (62ebf098771772160f391d75e589dc567915b233), userDataDir=C:\Users\jia\AppData\Local\Temp\scoped_dir6516_17510}, takesHeapSnapshot=true, pageLoadStrategy=normal, databaseEnabled=false, handlesAlerts=true, hasTouchScreen=false, version=59.0.3071.115, platform=XP, browserConnectionEnabled=false, nativeEvents=true, acceptSslCerts=true, locationContextEnabled=true, webStorageEnabled=true, browserName=chrome, takesScreenshot=true, javascriptEnabled=true, cssSelectorsEnabled=true, unexpectedAlertBehaviour=}]
Session ID: be601e46d53a6fb912cd8eee2e9c3a3e
	at org.openqa.selenium.remote.ErrorHandler.createThrowable(ErrorHandler.java:206)
	at org.openqa.selenium.remote.ErrorHandler.throwIfResponseFailed(ErrorHandler.java:158)
	at org.openqa.selenium.remote.RemoteWebDriver.execute(RemoteWebDriver.java:595)
	at org.openqa.selenium.remote.RemoteWebElement.execute(RemoteWebElement.java:273)
	at org.openqa.selenium.remote.RemoteWebElement.click(RemoteWebElement.java:84)
	at com.etyero.utils.UIExecutorImpl.click(UIExecutorImpl.java:41)
	at com.etyero.object.BasePage.click(BasePage.java:35)
	at com.etyero.action.Login.login(Login.java:19)
	at com.etyero.testcase.WebDriverDemo02.login02(WebDriverDemo02.java:46)
... Removed 28 stack frames]]>
    </failure>
  </testcase> <!-- login02 -->
  <testcase name="login" time="0.001" classname="com.etyero.testcase.WebDriverDemo02">
    <skipped/>
  </testcase> <!-- login -->
</testsuite> <!-- test -->
