<html xmlns:math="http://exslt.org/math" xmlns:testng="http://testng.org">
   <head>
      <title>测试报告</title>
      <meta http-equiv="content-type" content="text/html; charset=utf-8"></meta>
      <meta http-equiv="pragma" content="no-cache"></meta>
      <meta http-equiv="cache-control" content="max-age=0"></meta>
      <meta http-equiv="cache-control" content="no-cache"></meta>
      <meta http-equiv="cache-control" content="no-store"></meta>
      <LINK rel="stylesheet" href="style.css"></LINK>
      <script type="text/javascript" src="main.js"></script>
   </head>
   <body>
      <table width="100%" style="font-size: 16px; margin-bottom: 10px;" cellspacing="1">
         <tr>
            <td width="100%">
               测试组
               
               <b>test</b>
            </td>
            <td style="background-color: #FFBBBB; padding: 3px 3px 3px 0;" align="center">
               <div style="width: 50px;">1</div>
            </td>
            <td style="background-color: lightgreen; padding: 3px 3px 3px 0;" align="center">
               <div style="width: 50px;">1</div>
            </td>
            <td style="background-color: #FFFFBB; padding: 3px 3px 3px 0;" align="center">
               <div style="width: 50px;">0</div>
            </td>
            <td align="center" style="background-color: #eaf0f7; padding: 3px 3px 3px 0;">
               <div style="width: 50px;">2</div>
            </td>
            <td align="center"
                style="font-weight: bold; background-color: #eaf0f7; padding: 3px 3px 3px 0;">
               <div style="width: 50px;">50%</div>
            </td>
            <td style="background-color: #eaf0f7; padding: 3px 3px 3px 0;" align="center"
                nowrap="true">1m
               7s
               
            </td>
         </tr>
      </table>
      <div style="width: 200px;">
         <label for="groupMethodsCheckBox" style="font-weight: bold; margin: 0;">
            <input id="groupMethodsCheckBox" type="checkbox" onclick="switchTestMethodsView(this)"></input>
            用例组
            
         </label>
         <br></br>
         <label for="methodsFilter_ALL" style="font-weight: bold; margin: 0;">
            <input id="methodsFilter_ALL" type="checkbox"
                   onclick="testMethodsFilterChanged(this, 'ALL')"></input>
            所有
            
         </label>
      </div>
      <label for="methodsFilter_FAIL" style="margin-left: 20px;">
         <input id="methodsFilter_FAIL" type="checkbox"
                onclick="testMethodsFilterChanged(this, 'FAIL')"
                checked=""></input>
         失败
         
      </label>
      <label for="methodsFilter_PASS">
         <input id="methodsFilter_PASS" type="checkbox"
                onclick="testMethodsFilterChanged(this, 'PASS')"
                checked=""></input>
         通过
         
      </label>
      <label for="methodsFilter_SKIP">
         <input id="methodsFilter_SKIP" type="checkbox"
                onclick="testMethodsFilterChanged(this, 'SKIP')"
                checked=""></input>
         跳过
         
      </label>
      <label for="methodsFilter_CONF">
         <input id="methodsFilter_CONF" type="checkbox"
                onclick="testMethodsFilterChanged(this, 'CONF')"></input>
         Config
         
      </label>
      <br></br>
      <div id="testMethodsByStatus">
         <table class="testMethodsTable" cellpadding="0" cellspacing="0">
            <tr class="methodsTableHeader">
               <td width="100%">用例名</td>
               <td nowrap="true">开始时间</td>
               <td nowrap="true">持续时间</td>
               <td>抛异常</td>
            </tr>
            <tr id="com.web.testcase.PropertyPayManageTest_searchPayMent_byStatus_failed_FAIL1_row"
                class="testMethodStatusFAIL">
               <td width="100%" class="firstMethodCell">
                  <a onclick="toggleDetailsVisibility('com.web.testcase.PropertyPayManageTest_searchPayMent_byStatus_failed_FAIL1_details')">searchPayMent(2017-07-25
                     
                     ,
                     
                     2017-07-26
                     
                     ,
                     
                     U区
                     
                     ,
                     
                     9栋
                     
                     ,
                     
                     1单元3205
                     
                     ,
                     
                     
                     
                     ,
                     
                     18813866764)
                  </a>
               </td>
               <td nowrap="true">10:53:48</td>
               <td nowrap="true" align="right">30s
                  
               </td>
               <td nowrap="true">
                  <a onclick="toggleDetailsVisibility('com.web.testcase.PropertyPayManageTest_searchPayMent_byStatus_failed_FAIL1_exception')">org.openqa.selenium.StaleElementReferenceException: 
                     stale element reference: element is not attached to the page document
                     (Session info: chrome=60.0.3112.101)
                     (Driver info: chromedriver=2.29.461591 (62ebf098771772160f391d75e589dc567915b233),platform=Windows NT 6.1.7601 SP1 x86_64)
                     (WARNING: The server did not provide any stacktrace information)
                     Command duration or timeout: 14 milliseconds
                     For documentation on this error, please visit: http://seleniumhq.org/exceptions/stale_element_reference.html
                     Build info: version: '2.47.1', revision: '411b314', time: '2015-07-30 02:56:46'
                     System info: host: 'jia-PC', ip: '192.168.88.67', os.name: 'Windows 7', os.arch: 'amd64', os.version: '6.1', java.version:
                     '1.8.0_101'
                     Driver info: org.openqa.selenium.chrome.ChromeDriver
                     Capabilities [{applicationCacheEnabled=false, rotatable=false, mobileEmulationEnabled=false, networkConnectionEnabled=false,
                     chrome={chromedriverVersion=2.29.461591 (62ebf098771772160f391d75e589dc567915b233), userDataDir=C:\Users\jia\AppData\Local\Temp\scoped_dir4868_30028},
                     takesHeapSnapshot=true, pageLoadStrategy=normal, databaseEnabled=false, handlesAlerts=true, hasTouchScreen=false, version=60.0.3112.101,
                     platform=XP, browserConnectionEnabled=false, nativeEvents=true, acceptSslCerts=true, locationContextEnabled=true, webStorageEnabled=true,
                     browserName=chrome, takesScreenshot=true, javascriptEnabled=true, cssSelectorsEnabled=true, unexpectedAlertBehaviour=}]
                     Session ID: c9850bb3ecfb5fa574d3225def40fc9c
                     
                  </a>
                   
                  
               </td>
            </tr>
            <tr>
               <td colspan="4"
                   style="padding: 0; background-color: white; border-style: none; height: 0px;">
                  <div id="com.web.testcase.PropertyPayManageTest_searchPayMent_byStatus_failed_FAIL1_details"
                       class="testMethodDetails">
                     <div>
                        <b>Name:
                           
                        </b>searchPayMent
                     </div>
                     <div>
                        <b>Description:
                           
                        </b>查找缴费记录
                     </div>
                     <div>
                        <b>Signature:
                           
                        </b>searchPayMent(java.lang.String, java.lang.String, java.lang.String, java.lang.String, java.lang.String, java.lang.String,
                        java.lang.String)[pri:0, instance:com.web.testcase.PropertyPayManageTest@6fffcba5]
                     </div>
                     <div>
                        <b>Parameters:
                           
                        </b>
                        
                        2017-07-25
                        
                        ,
                        
                        2017-07-26
                        
                        ,
                        
                        U区
                        
                        ,
                        
                        9栋
                        
                        ,
                        
                        1单元3205
                        
                        ,
                        
                        
                        
                        ,
                        
                        18813866764
                        
                        
                     </div>
                     <div>
                        <b>Start time:
                           
                        </b>10:53:48
                     </div>
                     <div>
                        <b>End time:
                           
                        </b>10:54:18
                     </div>
                     <div>
                        <b>Duration:
                           
                        </b>30s
                        
                     </div>
                  </div>
               </td>
            </tr>
            <tr>
               <td colspan="4"
                   style="padding: 0; background-color: white; border-style: none; height: 0px;">
                  <div id="com.web.testcase.PropertyPayManageTest_searchPayMent_byStatus_failed_FAIL1_exception"
                       class="testMethodDetails">
                     <pre style="padding: 5px; margin: 0;">org.openqa.selenium.StaleElementReferenceException: stale element reference: element is not attached to the page document
                        (Session info: chrome=60.0.3112.101)
                        (Driver info: chromedriver=2.29.461591 (62ebf098771772160f391d75e589dc567915b233),platform=Windows NT 6.1.7601 SP1 x86_64)
                        (WARNING: The server did not provide any stacktrace information)
                        Command duration or timeout: 14 milliseconds
                        For documentation on this error, please visit: http://seleniumhq.org/exceptions/stale_element_reference.html
                        Build info: version: '2.47.1', revision: '411b314', time: '2015-07-30 02:56:46'
                        System info: host: 'jia-PC', ip: '192.168.88.67', os.name: 'Windows 7', os.arch: 'amd64', os.version: '6.1', java.version:
                        '1.8.0_101'
                        Driver info: org.openqa.selenium.chrome.ChromeDriver
                        Capabilities [{applicationCacheEnabled=false, rotatable=false, mobileEmulationEnabled=false, networkConnectionEnabled=false,
                        chrome={chromedriverVersion=2.29.461591 (62ebf098771772160f391d75e589dc567915b233), userDataDir=C:\Users\jia\AppData\Local\Temp\scoped_dir4868_30028},
                        takesHeapSnapshot=true, pageLoadStrategy=normal, databaseEnabled=false, handlesAlerts=true, hasTouchScreen=false, version=60.0.3112.101,
                        platform=XP, browserConnectionEnabled=false, nativeEvents=true, acceptSslCerts=true, locationContextEnabled=true, webStorageEnabled=true,
                        browserName=chrome, takesScreenshot=true, javascriptEnabled=true, cssSelectorsEnabled=true, unexpectedAlertBehaviour=}]
                        Session ID: c9850bb3ecfb5fa574d3225def40fc9c
                        	at sun.reflect.NativeConstructorAccessorImpl.newInstance0(Native Method)
                        	at sun.reflect.NativeConstructorAccessorImpl.newInstance(Unknown Source)
                        	at sun.reflect.DelegatingConstructorAccessorImpl.newInstance(Unknown Source)
                        	at java.lang.reflect.Constructor.newInstance(Unknown Source)
                        	at org.openqa.selenium.remote.ErrorHandler.createThrowable(ErrorHandler.java:206)
                        	at org.openqa.selenium.remote.ErrorHandler.throwIfResponseFailed(ErrorHandler.java:158)
                        	at org.openqa.selenium.remote.RemoteWebDriver.execute(RemoteWebDriver.java:595)
                        	at org.openqa.selenium.remote.RemoteWebElement.execute(RemoteWebElement.java:273)
                        	at org.openqa.selenium.remote.RemoteWebElement.getText(RemoteWebElement.java:157)
                        	at com.web.webaction.PropertyPayManage.searchPayMent(PropertyPayManage.java:77)
                        	at com.web.testcase.PropertyPayManageTest.searchPayMent(PropertyPayManageTest.java:48)
                        	at sun.reflect.NativeMethodAccessorImpl.invoke0(Native Method)
                        	at sun.reflect.NativeMethodAccessorImpl.invoke(Unknown Source)
                        	at sun.reflect.DelegatingMethodAccessorImpl.invoke(Unknown Source)
                        	at java.lang.reflect.Method.invoke(Unknown Source)
                        	at org.testng.internal.MethodInvocationHelper.invokeMethod(MethodInvocationHelper.java:84)
                        	at org.testng.internal.Invoker.invokeMethod(Invoker.java:714)
                        	at org.testng.internal.Invoker.invokeTestMethod(Invoker.java:901)
                        	at org.testng.internal.Invoker.invokeTestMethods(Invoker.java:1231)
                        	at org.testng.internal.TestMethodWorker.invokeTestMethods(TestMethodWorker.java:127)
                        	at org.testng.internal.TestMethodWorker.run(TestMethodWorker.java:111)
                        	at org.testng.TestRunner.privateRun(TestRunner.java:767)
                        	at org.testng.TestRunner.run(TestRunner.java:617)
                        	at org.testng.SuiteRunner.runTest(SuiteRunner.java:334)
                        	at org.testng.SuiteRunner.runSequentially(SuiteRunner.java:329)
                        	at org.testng.SuiteRunner.privateRun(SuiteRunner.java:291)
                        	at org.testng.SuiteRunner.run(SuiteRunner.java:240)
                        	at org.testng.SuiteRunnerWorker.runSuite(SuiteRunnerWorker.java:52)
                        	at org.testng.SuiteRunnerWorker.run(SuiteRunnerWorker.java:86)
                        	at org.testng.TestNG.runSuitesSequentially(TestNG.java:1224)
                        	at org.testng.TestNG.runSuitesLocally(TestNG.java:1149)
                        	at org.testng.TestNG.run(TestNG.java:1057)
                        	at org.testng.TestNG.privateMain(TestNG.java:1364)
                        	at org.testng.TestNG.main(TestNG.java:1333)
                     </pre>
                  </div>
               </td>
            </tr>
            <tr id="com.web.testcase.LoginTest_beforeClass_byStatus_passed_PASS1_row"
                class="testMethodStatusPASS testMethodStatusCONF">
               <td width="100%" class="firstMethodCell">
                  <a onclick="toggleDetailsVisibility('com.web.testcase.LoginTest_beforeClass_byStatus_passed_PASS1_details')">beforeClass(chrome
                     
                     ,
                     
                     E:\eclipseWorkSpace\webUITestPro\browserDriver\chromedriver.exe
                     
                     ,
                     
                     20
                     
                     ,
                     
                     http://58.42.231.231:59193/zmkmglYl/index.jsp)
                  </a>
               </td>
               <td nowrap="true">10:53:12</td>
               <td nowrap="true" align="right">6s
                  
               </td>
               <td nowrap="true">
                   
                  
               </td>
            </tr>
            <tr>
               <td colspan="4"
                   style="padding: 0; background-color: white; border-style: none; height: 0px;">
                  <div id="com.web.testcase.LoginTest_beforeClass_byStatus_passed_PASS1_details"
                       class="testMethodDetails">
                     <div>
                        <b>Name:
                           
                        </b>beforeClass
                     </div>
                     <div>
                        <b>Signature:
                           
                        </b>beforeClass(java.lang.String, java.lang.String, long, java.lang.String)[pri:0, instance:com.web.testcase.LoginTest@6e3c1e69]
                     </div>
                     <div>
                        <b>Parameters:
                           
                        </b>
                        
                        chrome
                        
                        ,
                        
                        E:\eclipseWorkSpace\webUITestPro\browserDriver\chromedriver.exe
                        
                        ,
                        
                        20
                        
                        ,
                        
                        http://58.42.231.231:59193/zmkmglYl/index.jsp
                        
                        
                     </div>
                     <div>
                        <b>Start time:
                           
                        </b>10:53:12
                     </div>
                     <div>
                        <b>End time:
                           
                        </b>10:53:18
                     </div>
                     <div>
                        <b>Duration:
                           
                        </b>6s
                        
                     </div>
                  </div>
               </td>
            </tr>
            <tr></tr>
            <tr id="com.web.testcase.LoginTest_BeforeMethod_byStatus_passed_PASS2_row"
                class="testMethodStatusPASS testMethodStatusCONF">
               <td width="100%" class="firstMethodCell">
                  <a onclick="toggleDetailsVisibility('com.web.testcase.LoginTest_BeforeMethod_byStatus_passed_PASS2_details')">BeforeMethod()</a>
               </td>
               <td nowrap="true">10:53:18</td>
               <td nowrap="true" align="right">2 ms
                  
               </td>
               <td nowrap="true">
                   
                  
               </td>
            </tr>
            <tr>
               <td colspan="4"
                   style="padding: 0; background-color: white; border-style: none; height: 0px;">
                  <div id="com.web.testcase.LoginTest_BeforeMethod_byStatus_passed_PASS2_details"
                       class="testMethodDetails">
                     <div>
                        <b>Name:
                           
                        </b>BeforeMethod
                     </div>
                     <div>
                        <b>Signature:
                           
                        </b>BeforeMethod()[pri:0, instance:com.web.testcase.LoginTest@6e3c1e69]
                     </div>
                     <div>
                        <b>Start time:
                           
                        </b>10:53:18
                     </div>
                     <div>
                        <b>End time:
                           
                        </b>10:53:18
                     </div>
                     <div>
                        <b>Duration:
                           
                        </b>2 ms
                        
                     </div>
                  </div>
               </td>
            </tr>
            <tr></tr>
            <tr id="com.web.testcase.LoginTest_login_byStatus_passed_PASS3_row"
                class="testMethodStatusPASS">
               <td width="100%" class="firstMethodCell">
                  <a onclick="toggleDetailsVisibility('com.web.testcase.LoginTest_login_byStatus_passed_PASS3_details')">login(88888888888
                     
                     ,
                     
                     123456
                     
                     ,
                     
                     当前社区：贵阳·宏立城·花果园)
                  </a>
               </td>
               <td nowrap="true">10:53:18</td>
               <td nowrap="true" align="right">30s
                  
               </td>
               <td nowrap="true">
                   
                  
               </td>
            </tr>
            <tr>
               <td colspan="4"
                   style="padding: 0; background-color: white; border-style: none; height: 0px;">
                  <div id="com.web.testcase.LoginTest_login_byStatus_passed_PASS3_details"
                       class="testMethodDetails">
                     <div>
                        <b>Name:
                           
                        </b>login
                     </div>
                     <div>
                        <b>Description:
                           
                        </b>正确的用户信息登录
                     </div>
                     <div>
                        <b>Signature:
                           
                        </b>login(java.lang.String, java.lang.String, java.lang.String)[pri:0, instance:com.web.testcase.LoginTest@6e3c1e69]
                     </div>
                     <div>
                        <b>Parameters:
                           
                        </b>
                        
                        88888888888
                        
                        ,
                        
                        123456
                        
                        ,
                        
                        当前社区：贵阳·宏立城·花果园
                        
                        
                     </div>
                     <div>
                        <b>Start time:
                           
                        </b>10:53:18
                     </div>
                     <div>
                        <b>End time:
                           
                        </b>10:53:47
                     </div>
                     <div>
                        <b>Duration:
                           
                        </b>30s
                        
                     </div>
                  </div>
               </td>
            </tr>
            <tr></tr>
            <tr id="com.web.testcase.LoginTest_afterClass_byStatus_passed_PASS4_row"
                class="testMethodStatusPASS testMethodStatusCONF">
               <td width="100%" class="firstMethodCell">
                  <a onclick="toggleDetailsVisibility('com.web.testcase.LoginTest_afterClass_byStatus_passed_PASS4_details')">afterClass()</a>
               </td>
               <td nowrap="true">10:53:47</td>
               <td nowrap="true" align="right">0 ms
                  
               </td>
               <td nowrap="true">
                   
                  
               </td>
            </tr>
            <tr>
               <td colspan="4"
                   style="padding: 0; background-color: white; border-style: none; height: 0px;">
                  <div id="com.web.testcase.LoginTest_afterClass_byStatus_passed_PASS4_details"
                       class="testMethodDetails">
                     <div>
                        <b>Name:
                           
                        </b>afterClass
                     </div>
                     <div>
                        <b>Signature:
                           
                        </b>afterClass()[pri:0, instance:com.web.testcase.LoginTest@6e3c1e69]
                     </div>
                     <div>
                        <b>Start time:
                           
                        </b>10:53:47
                     </div>
                     <div>
                        <b>End time:
                           
                        </b>10:53:47
                     </div>
                     <div>
                        <b>Duration:
                           
                        </b>0 ms
                        
                     </div>
                  </div>
               </td>
            </tr>
            <tr></tr>
            <tr id="com.web.testcase.LoginTest_afterTest_byStatus_passed_PASS5_row"
                class="testMethodStatusPASS testMethodStatusCONF">
               <td width="100%" class="firstMethodCell">
                  <a onclick="toggleDetailsVisibility('com.web.testcase.LoginTest_afterTest_byStatus_passed_PASS5_details')">afterTest()</a>
               </td>
               <td nowrap="true">10:54:18</td>
               <td nowrap="true" align="right">1s
                  
               </td>
               <td nowrap="true">
                   
                  
               </td>
            </tr>
            <tr>
               <td colspan="4"
                   style="padding: 0; background-color: white; border-style: none; height: 0px;">
                  <div id="com.web.testcase.LoginTest_afterTest_byStatus_passed_PASS5_details"
                       class="testMethodDetails">
                     <div>
                        <b>Name:
                           
                        </b>afterTest
                     </div>
                     <div>
                        <b>Signature:
                           
                        </b>afterTest()[pri:0, instance:com.web.testcase.LoginTest@6e3c1e69]
                     </div>
                     <div>
                        <b>Start time:
                           
                        </b>10:54:18
                     </div>
                     <div>
                        <b>End time:
                           
                        </b>10:54:20
                     </div>
                     <div>
                        <b>Duration:
                           
                        </b>1s
                        
                     </div>
                  </div>
               </td>
            </tr>
            <tr></tr>
            <tr id="com.web.testcase.LoginTest_afterTest_byStatus_passed_PASS6_row"
                class="testMethodStatusPASS testMethodStatusCONF">
               <td width="100%" class="firstMethodCell">
                  <a onclick="toggleDetailsVisibility('com.web.testcase.LoginTest_afterTest_byStatus_passed_PASS6_details')">afterTest()</a>
               </td>
               <td nowrap="true">10:54:20</td>
               <td nowrap="true" align="right">1 ms
                  
               </td>
               <td nowrap="true">
                   
                  
               </td>
            </tr>
            <tr>
               <td colspan="4"
                   style="padding: 0; background-color: white; border-style: none; height: 0px;">
                  <div id="com.web.testcase.LoginTest_afterTest_byStatus_passed_PASS6_details"
                       class="testMethodDetails">
                     <div>
                        <b>Name:
                           
                        </b>afterTest
                     </div>
                     <div>
                        <b>Signature:
                           
                        </b>afterTest()[pri:0, instance:com.web.testcase.PropertyPayManageTest@6fffcba5]
                     </div>
                     <div>
                        <b>Start time:
                           
                        </b>10:54:20
                     </div>
                     <div>
                        <b>End time:
                           
                        </b>10:54:20
                     </div>
                     <div>
                        <b>Duration:
                           
                        </b>1 ms
                        
                     </div>
                  </div>
               </td>
            </tr>
            <tr></tr>
            <tr id="com.web.testcase.PropertyPayManageTest_beforeClass_byStatus_passed_PASS7_row"
                class="testMethodStatusPASS testMethodStatusCONF">
               <td width="100%" class="firstMethodCell">
                  <a onclick="toggleDetailsVisibility('com.web.testcase.PropertyPayManageTest_beforeClass_byStatus_passed_PASS7_details')">beforeClass(chrome
                     
                     ,
                     
                     E:\eclipseWorkSpace\webUITestPro\browserDriver\chromedriver.exe
                     
                     ,
                     
                     20
                     
                     ,
                     
                     http://58.42.231.231:59193/zmkmglYl/index.jsp)
                  </a>
               </td>
               <td nowrap="true">10:53:47</td>
               <td nowrap="true" align="right">240 ms
                  
               </td>
               <td nowrap="true">
                   
                  
               </td>
            </tr>
            <tr>
               <td colspan="4"
                   style="padding: 0; background-color: white; border-style: none; height: 0px;">
                  <div id="com.web.testcase.PropertyPayManageTest_beforeClass_byStatus_passed_PASS7_details"
                       class="testMethodDetails">
                     <div>
                        <b>Name:
                           
                        </b>beforeClass
                     </div>
                     <div>
                        <b>Signature:
                           
                        </b>beforeClass(java.lang.String, java.lang.String, long, java.lang.String)[pri:0, instance:com.web.testcase.PropertyPayManageTest@6fffcba5]
                     </div>
                     <div>
                        <b>Parameters:
                           
                        </b>
                        
                        chrome
                        
                        ,
                        
                        E:\eclipseWorkSpace\webUITestPro\browserDriver\chromedriver.exe
                        
                        ,
                        
                        20
                        
                        ,
                        
                        http://58.42.231.231:59193/zmkmglYl/index.jsp
                        
                        
                     </div>
                     <div>
                        <b>Start time:
                           
                        </b>10:53:47
                     </div>
                     <div>
                        <b>End time:
                           
                        </b>10:53:48
                     </div>
                     <div>
                        <b>Duration:
                           
                        </b>240 ms
                        
                     </div>
                  </div>
               </td>
            </tr>
            <tr></tr>
            <tr id="com.web.testcase.PropertyPayManageTest_BeforeMethod_byStatus_passed_PASS8_row"
                class="testMethodStatusPASS testMethodStatusCONF">
               <td width="100%" class="firstMethodCell">
                  <a onclick="toggleDetailsVisibility('com.web.testcase.PropertyPayManageTest_BeforeMethod_byStatus_passed_PASS8_details')">BeforeMethod()</a>
               </td>
               <td nowrap="true">10:53:48</td>
               <td nowrap="true" align="right">0 ms
                  
               </td>
               <td nowrap="true">
                   
                  
               </td>
            </tr>
            <tr>
               <td colspan="4"
                   style="padding: 0; background-color: white; border-style: none; height: 0px;">
                  <div id="com.web.testcase.PropertyPayManageTest_BeforeMethod_byStatus_passed_PASS8_details"
                       class="testMethodDetails">
                     <div>
                        <b>Name:
                           
                        </b>BeforeMethod
                     </div>
                     <div>
                        <b>Signature:
                           
                        </b>BeforeMethod()[pri:0, instance:com.web.testcase.PropertyPayManageTest@6fffcba5]
                     </div>
                     <div>
                        <b>Start time:
                           
                        </b>10:53:48
                     </div>
                     <div>
                        <b>End time:
                           
                        </b>10:53:48
                     </div>
                     <div>
                        <b>Duration:
                           
                        </b>0 ms
                        
                     </div>
                  </div>
               </td>
            </tr>
            <tr></tr>
            <tr id="com.web.testcase.PropertyPayManageTest_afterClass_byStatus_passed_PASS9_row"
                class="testMethodStatusPASS testMethodStatusCONF">
               <td width="100%" class="firstMethodCell">
                  <a onclick="toggleDetailsVisibility('com.web.testcase.PropertyPayManageTest_afterClass_byStatus_passed_PASS9_details')">afterClass()</a>
               </td>
               <td nowrap="true">10:54:18</td>
               <td nowrap="true" align="right">0 ms
                  
               </td>
               <td nowrap="true">
                   
                  
               </td>
            </tr>
            <tr>
               <td colspan="4"
                   style="padding: 0; background-color: white; border-style: none; height: 0px;">
                  <div id="com.web.testcase.PropertyPayManageTest_afterClass_byStatus_passed_PASS9_details"
                       class="testMethodDetails">
                     <div>
                        <b>Name:
                           
                        </b>afterClass
                     </div>
                     <div>
                        <b>Signature:
                           
                        </b>afterClass()[pri:0, instance:com.web.testcase.PropertyPayManageTest@6fffcba5]
                     </div>
                     <div>
                        <b>Start time:
                           
                        </b>10:54:18
                     </div>
                     <div>
                        <b>End time:
                           
                        </b>10:54:18
                     </div>
                     <div>
                        <b>Duration:
                           
                        </b>0 ms
                        
                     </div>
                  </div>
               </td>
            </tr>
            <tr></tr>
         </table>
      </div>
      <div id="testMethodsByClass" style="display: none;">
         <table class="testMethodsTable" cellpadding="0" cellspacing="0">
            <tr>
               <td colspan="4">
                  <h3 style="display: inline;">com.web.testcase.LoginTest</h3>
               </td>
            </tr>
            <tr class="methodsTableHeader">
               <td width="100%">用例名</td>
               <td nowrap="true">开始时间</td>
               <td nowrap="true">持续时间</td>
               <td>抛异常</td>
            </tr>
            <tr id="com.web.testcase.LoginTest_beforeClass_byClass_PASS1_row"
                class="testMethodStatusPASS testMethodStatusCONF">
               <td width="100%" class="firstMethodCell">
                  <a onclick="toggleDetailsVisibility('com.web.testcase.LoginTest_beforeClass_byClass_PASS1_details')">beforeClass(chrome
                     
                     ,
                     
                     E:\eclipseWorkSpace\webUITestPro\browserDriver\chromedriver.exe
                     
                     ,
                     
                     20
                     
                     ,
                     
                     http://58.42.231.231:59193/zmkmglYl/index.jsp)
                  </a>
               </td>
               <td nowrap="true">10:53:12</td>
               <td nowrap="true" align="right">6s
                  
               </td>
               <td nowrap="true">
                   
                  
               </td>
            </tr>
            <tr>
               <td colspan="4"
                   style="padding: 0; background-color: white; border-style: none; height: 0px;">
                  <div id="com.web.testcase.LoginTest_beforeClass_byClass_PASS1_details"
                       class="testMethodDetails">
                     <div>
                        <b>Name:
                           
                        </b>beforeClass
                     </div>
                     <div>
                        <b>Signature:
                           
                        </b>beforeClass(java.lang.String, java.lang.String, long, java.lang.String)[pri:0, instance:com.web.testcase.LoginTest@6e3c1e69]
                     </div>
                     <div>
                        <b>Parameters:
                           
                        </b>
                        
                        chrome
                        
                        ,
                        
                        E:\eclipseWorkSpace\webUITestPro\browserDriver\chromedriver.exe
                        
                        ,
                        
                        20
                        
                        ,
                        
                        http://58.42.231.231:59193/zmkmglYl/index.jsp
                        
                        
                     </div>
                     <div>
                        <b>Start time:
                           
                        </b>10:53:12
                     </div>
                     <div>
                        <b>End time:
                           
                        </b>10:53:18
                     </div>
                     <div>
                        <b>Duration:
                           
                        </b>6s
                        
                     </div>
                  </div>
               </td>
            </tr>
            <tr></tr>
            <tr id="com.web.testcase.LoginTest_BeforeMethod_byClass_PASS2_row"
                class="testMethodStatusPASS testMethodStatusCONF">
               <td width="100%" class="firstMethodCell">
                  <a onclick="toggleDetailsVisibility('com.web.testcase.LoginTest_BeforeMethod_byClass_PASS2_details')">BeforeMethod()</a>
               </td>
               <td nowrap="true">10:53:18</td>
               <td nowrap="true" align="right">2 ms
                  
               </td>
               <td nowrap="true">
                   
                  
               </td>
            </tr>
            <tr>
               <td colspan="4"
                   style="padding: 0; background-color: white; border-style: none; height: 0px;">
                  <div id="com.web.testcase.LoginTest_BeforeMethod_byClass_PASS2_details"
                       class="testMethodDetails">
                     <div>
                        <b>Name:
                           
                        </b>BeforeMethod
                     </div>
                     <div>
                        <b>Signature:
                           
                        </b>BeforeMethod()[pri:0, instance:com.web.testcase.LoginTest@6e3c1e69]
                     </div>
                     <div>
                        <b>Start time:
                           
                        </b>10:53:18
                     </div>
                     <div>
                        <b>End time:
                           
                        </b>10:53:18
                     </div>
                     <div>
                        <b>Duration:
                           
                        </b>2 ms
                        
                     </div>
                  </div>
               </td>
            </tr>
            <tr></tr>
            <tr id="com.web.testcase.LoginTest_login_byClass_PASS3_row"
                class="testMethodStatusPASS">
               <td width="100%" class="firstMethodCell">
                  <a onclick="toggleDetailsVisibility('com.web.testcase.LoginTest_login_byClass_PASS3_details')">login(88888888888
                     
                     ,
                     
                     123456
                     
                     ,
                     
                     当前社区：贵阳·宏立城·花果园)
                  </a>
               </td>
               <td nowrap="true">10:53:18</td>
               <td nowrap="true" align="right">30s
                  
               </td>
               <td nowrap="true">
                   
                  
               </td>
            </tr>
            <tr>
               <td colspan="4"
                   style="padding: 0; background-color: white; border-style: none; height: 0px;">
                  <div id="com.web.testcase.LoginTest_login_byClass_PASS3_details"
                       class="testMethodDetails">
                     <div>
                        <b>Name:
                           
                        </b>login
                     </div>
                     <div>
                        <b>Description:
                           
                        </b>正确的用户信息登录
                     </div>
                     <div>
                        <b>Signature:
                           
                        </b>login(java.lang.String, java.lang.String, java.lang.String)[pri:0, instance:com.web.testcase.LoginTest@6e3c1e69]
                     </div>
                     <div>
                        <b>Parameters:
                           
                        </b>
                        
                        88888888888
                        
                        ,
                        
                        123456
                        
                        ,
                        
                        当前社区：贵阳·宏立城·花果园
                        
                        
                     </div>
                     <div>
                        <b>Start time:
                           
                        </b>10:53:18
                     </div>
                     <div>
                        <b>End time:
                           
                        </b>10:53:47
                     </div>
                     <div>
                        <b>Duration:
                           
                        </b>30s
                        
                     </div>
                  </div>
               </td>
            </tr>
            <tr></tr>
            <tr id="com.web.testcase.LoginTest_afterClass_byClass_PASS4_row"
                class="testMethodStatusPASS testMethodStatusCONF">
               <td width="100%" class="firstMethodCell">
                  <a onclick="toggleDetailsVisibility('com.web.testcase.LoginTest_afterClass_byClass_PASS4_details')">afterClass()</a>
               </td>
               <td nowrap="true">10:53:47</td>
               <td nowrap="true" align="right">0 ms
                  
               </td>
               <td nowrap="true">
                   
                  
               </td>
            </tr>
            <tr>
               <td colspan="4"
                   style="padding: 0; background-color: white; border-style: none; height: 0px;">
                  <div id="com.web.testcase.LoginTest_afterClass_byClass_PASS4_details"
                       class="testMethodDetails">
                     <div>
                        <b>Name:
                           
                        </b>afterClass
                     </div>
                     <div>
                        <b>Signature:
                           
                        </b>afterClass()[pri:0, instance:com.web.testcase.LoginTest@6e3c1e69]
                     </div>
                     <div>
                        <b>Start time:
                           
                        </b>10:53:47
                     </div>
                     <div>
                        <b>End time:
                           
                        </b>10:53:47
                     </div>
                     <div>
                        <b>Duration:
                           
                        </b>0 ms
                        
                     </div>
                  </div>
               </td>
            </tr>
            <tr></tr>
            <tr id="com.web.testcase.LoginTest_afterTest_byClass_PASS5_row"
                class="testMethodStatusPASS testMethodStatusCONF">
               <td width="100%" class="firstMethodCell">
                  <a onclick="toggleDetailsVisibility('com.web.testcase.LoginTest_afterTest_byClass_PASS5_details')">afterTest()</a>
               </td>
               <td nowrap="true">10:54:18</td>
               <td nowrap="true" align="right">1s
                  
               </td>
               <td nowrap="true">
                   
                  
               </td>
            </tr>
            <tr>
               <td colspan="4"
                   style="padding: 0; background-color: white; border-style: none; height: 0px;">
                  <div id="com.web.testcase.LoginTest_afterTest_byClass_PASS5_details"
                       class="testMethodDetails">
                     <div>
                        <b>Name:
                           
                        </b>afterTest
                     </div>
                     <div>
                        <b>Signature:
                           
                        </b>afterTest()[pri:0, instance:com.web.testcase.LoginTest@6e3c1e69]
                     </div>
                     <div>
                        <b>Start time:
                           
                        </b>10:54:18
                     </div>
                     <div>
                        <b>End time:
                           
                        </b>10:54:20
                     </div>
                     <div>
                        <b>Duration:
                           
                        </b>1s
                        
                     </div>
                  </div>
               </td>
            </tr>
            <tr></tr>
            <tr id="com.web.testcase.LoginTest_afterTest_byClass_PASS6_row"
                class="testMethodStatusPASS testMethodStatusCONF">
               <td width="100%" class="firstMethodCell">
                  <a onclick="toggleDetailsVisibility('com.web.testcase.LoginTest_afterTest_byClass_PASS6_details')">afterTest()</a>
               </td>
               <td nowrap="true">10:54:20</td>
               <td nowrap="true" align="right">1 ms
                  
               </td>
               <td nowrap="true">
                   
                  
               </td>
            </tr>
            <tr>
               <td colspan="4"
                   style="padding: 0; background-color: white; border-style: none; height: 0px;">
                  <div id="com.web.testcase.LoginTest_afterTest_byClass_PASS6_details"
                       class="testMethodDetails">
                     <div>
                        <b>Name:
                           
                        </b>afterTest
                     </div>
                     <div>
                        <b>Signature:
                           
                        </b>afterTest()[pri:0, instance:com.web.testcase.PropertyPayManageTest@6fffcba5]
                     </div>
                     <div>
                        <b>Start time:
                           
                        </b>10:54:20
                     </div>
                     <div>
                        <b>End time:
                           
                        </b>10:54:20
                     </div>
                     <div>
                        <b>Duration:
                           
                        </b>1 ms
                        
                     </div>
                  </div>
               </td>
            </tr>
            <tr></tr>
         </table>
         <br></br>
         <table class="testMethodsTable" cellpadding="0" cellspacing="0">
            <tr>
               <td colspan="4">
                  <h3 style="display: inline;">com.web.testcase.PropertyPayManageTest</h3>
               </td>
            </tr>
            <tr class="methodsTableHeader">
               <td width="100%">用例名</td>
               <td nowrap="true">开始时间</td>
               <td nowrap="true">持续时间</td>
               <td>抛异常</td>
            </tr>
            <tr id="com.web.testcase.PropertyPayManageTest_beforeClass_byClass_PASS1_row"
                class="testMethodStatusPASS testMethodStatusCONF">
               <td width="100%" class="firstMethodCell">
                  <a onclick="toggleDetailsVisibility('com.web.testcase.PropertyPayManageTest_beforeClass_byClass_PASS1_details')">beforeClass(chrome
                     
                     ,
                     
                     E:\eclipseWorkSpace\webUITestPro\browserDriver\chromedriver.exe
                     
                     ,
                     
                     20
                     
                     ,
                     
                     http://58.42.231.231:59193/zmkmglYl/index.jsp)
                  </a>
               </td>
               <td nowrap="true">10:53:47</td>
               <td nowrap="true" align="right">240 ms
                  
               </td>
               <td nowrap="true">
                   
                  
               </td>
            </tr>
            <tr>
               <td colspan="4"
                   style="padding: 0; background-color: white; border-style: none; height: 0px;">
                  <div id="com.web.testcase.PropertyPayManageTest_beforeClass_byClass_PASS1_details"
                       class="testMethodDetails">
                     <div>
                        <b>Name:
                           
                        </b>beforeClass
                     </div>
                     <div>
                        <b>Signature:
                           
                        </b>beforeClass(java.lang.String, java.lang.String, long, java.lang.String)[pri:0, instance:com.web.testcase.PropertyPayManageTest@6fffcba5]
                     </div>
                     <div>
                        <b>Parameters:
                           
                        </b>
                        
                        chrome
                        
                        ,
                        
                        E:\eclipseWorkSpace\webUITestPro\browserDriver\chromedriver.exe
                        
                        ,
                        
                        20
                        
                        ,
                        
                        http://58.42.231.231:59193/zmkmglYl/index.jsp
                        
                        
                     </div>
                     <div>
                        <b>Start time:
                           
                        </b>10:53:47
                     </div>
                     <div>
                        <b>End time:
                           
                        </b>10:53:48
                     </div>
                     <div>
                        <b>Duration:
                           
                        </b>240 ms
                        
                     </div>
                  </div>
               </td>
            </tr>
            <tr></tr>
            <tr id="com.web.testcase.PropertyPayManageTest_searchPayMent_byClass_FAIL2_row"
                class="testMethodStatusFAIL">
               <td width="100%" class="firstMethodCell">
                  <a onclick="toggleDetailsVisibility('com.web.testcase.PropertyPayManageTest_searchPayMent_byClass_FAIL2_details')">searchPayMent(2017-07-25
                     
                     ,
                     
                     2017-07-26
                     
                     ,
                     
                     U区
                     
                     ,
                     
                     9栋
                     
                     ,
                     
                     1单元3205
                     
                     ,
                     
                     
                     
                     ,
                     
                     18813866764)
                  </a>
               </td>
               <td nowrap="true">10:53:48</td>
               <td nowrap="true" align="right">30s
                  
               </td>
               <td nowrap="true">
                  <a onclick="toggleDetailsVisibility('com.web.testcase.PropertyPayManageTest_searchPayMent_byClass_FAIL2_exception')">org.openqa.selenium.StaleElementReferenceException: 
                     stale element reference: element is not attached to the page document
                     (Session info: chrome=60.0.3112.101)
                     (Driver info: chromedriver=2.29.461591 (62ebf098771772160f391d75e589dc567915b233),platform=Windows NT 6.1.7601 SP1 x86_64)
                     (WARNING: The server did not provide any stacktrace information)
                     Command duration or timeout: 14 milliseconds
                     For documentation on this error, please visit: http://seleniumhq.org/exceptions/stale_element_reference.html
                     Build info: version: '2.47.1', revision: '411b314', time: '2015-07-30 02:56:46'
                     System info: host: 'jia-PC', ip: '192.168.88.67', os.name: 'Windows 7', os.arch: 'amd64', os.version: '6.1', java.version:
                     '1.8.0_101'
                     Driver info: org.openqa.selenium.chrome.ChromeDriver
                     Capabilities [{applicationCacheEnabled=false, rotatable=false, mobileEmulationEnabled=false, networkConnectionEnabled=false,
                     chrome={chromedriverVersion=2.29.461591 (62ebf098771772160f391d75e589dc567915b233), userDataDir=C:\Users\jia\AppData\Local\Temp\scoped_dir4868_30028},
                     takesHeapSnapshot=true, pageLoadStrategy=normal, databaseEnabled=false, handlesAlerts=true, hasTouchScreen=false, version=60.0.3112.101,
                     platform=XP, browserConnectionEnabled=false, nativeEvents=true, acceptSslCerts=true, locationContextEnabled=true, webStorageEnabled=true,
                     browserName=chrome, takesScreenshot=true, javascriptEnabled=true, cssSelectorsEnabled=true, unexpectedAlertBehaviour=}]
                     Session ID: c9850bb3ecfb5fa574d3225def40fc9c
                     
                  </a>
                   
                  
               </td>
            </tr>
            <tr>
               <td colspan="4"
                   style="padding: 0; background-color: white; border-style: none; height: 0px;">
                  <div id="com.web.testcase.PropertyPayManageTest_searchPayMent_byClass_FAIL2_details"
                       class="testMethodDetails">
                     <div>
                        <b>Name:
                           
                        </b>searchPayMent
                     </div>
                     <div>
                        <b>Description:
                           
                        </b>查找缴费记录
                     </div>
                     <div>
                        <b>Signature:
                           
                        </b>searchPayMent(java.lang.String, java.lang.String, java.lang.String, java.lang.String, java.lang.String, java.lang.String,
                        java.lang.String)[pri:0, instance:com.web.testcase.PropertyPayManageTest@6fffcba5]
                     </div>
                     <div>
                        <b>Parameters:
                           
                        </b>
                        
                        2017-07-25
                        
                        ,
                        
                        2017-07-26
                        
                        ,
                        
                        U区
                        
                        ,
                        
                        9栋
                        
                        ,
                        
                        1单元3205
                        
                        ,
                        
                        
                        
                        ,
                        
                        18813866764
                        
                        
                     </div>
                     <div>
                        <b>Start time:
                           
                        </b>10:53:48
                     </div>
                     <div>
                        <b>End time:
                           
                        </b>10:54:18
                     </div>
                     <div>
                        <b>Duration:
                           
                        </b>30s
                        
                     </div>
                  </div>
               </td>
            </tr>
            <tr>
               <td colspan="4"
                   style="padding: 0; background-color: white; border-style: none; height: 0px;">
                  <div id="com.web.testcase.PropertyPayManageTest_searchPayMent_byClass_FAIL2_exception"
                       class="testMethodDetails">
                     <pre style="padding: 5px; margin: 0;">org.openqa.selenium.StaleElementReferenceException: stale element reference: element is not attached to the page document
                        (Session info: chrome=60.0.3112.101)
                        (Driver info: chromedriver=2.29.461591 (62ebf098771772160f391d75e589dc567915b233),platform=Windows NT 6.1.7601 SP1 x86_64)
                        (WARNING: The server did not provide any stacktrace information)
                        Command duration or timeout: 14 milliseconds
                        For documentation on this error, please visit: http://seleniumhq.org/exceptions/stale_element_reference.html
                        Build info: version: '2.47.1', revision: '411b314', time: '2015-07-30 02:56:46'
                        System info: host: 'jia-PC', ip: '192.168.88.67', os.name: 'Windows 7', os.arch: 'amd64', os.version: '6.1', java.version:
                        '1.8.0_101'
                        Driver info: org.openqa.selenium.chrome.ChromeDriver
                        Capabilities [{applicationCacheEnabled=false, rotatable=false, mobileEmulationEnabled=false, networkConnectionEnabled=false,
                        chrome={chromedriverVersion=2.29.461591 (62ebf098771772160f391d75e589dc567915b233), userDataDir=C:\Users\jia\AppData\Local\Temp\scoped_dir4868_30028},
                        takesHeapSnapshot=true, pageLoadStrategy=normal, databaseEnabled=false, handlesAlerts=true, hasTouchScreen=false, version=60.0.3112.101,
                        platform=XP, browserConnectionEnabled=false, nativeEvents=true, acceptSslCerts=true, locationContextEnabled=true, webStorageEnabled=true,
                        browserName=chrome, takesScreenshot=true, javascriptEnabled=true, cssSelectorsEnabled=true, unexpectedAlertBehaviour=}]
                        Session ID: c9850bb3ecfb5fa574d3225def40fc9c
                        	at sun.reflect.NativeConstructorAccessorImpl.newInstance0(Native Method)
                        	at sun.reflect.NativeConstructorAccessorImpl.newInstance(Unknown Source)
                        	at sun.reflect.DelegatingConstructorAccessorImpl.newInstance(Unknown Source)
                        	at java.lang.reflect.Constructor.newInstance(Unknown Source)
                        	at org.openqa.selenium.remote.ErrorHandler.createThrowable(ErrorHandler.java:206)
                        	at org.openqa.selenium.remote.ErrorHandler.throwIfResponseFailed(ErrorHandler.java:158)
                        	at org.openqa.selenium.remote.RemoteWebDriver.execute(RemoteWebDriver.java:595)
                        	at org.openqa.selenium.remote.RemoteWebElement.execute(RemoteWebElement.java:273)
                        	at org.openqa.selenium.remote.RemoteWebElement.getText(RemoteWebElement.java:157)
                        	at com.web.webaction.PropertyPayManage.searchPayMent(PropertyPayManage.java:77)
                        	at com.web.testcase.PropertyPayManageTest.searchPayMent(PropertyPayManageTest.java:48)
                        	at sun.reflect.NativeMethodAccessorImpl.invoke0(Native Method)
                        	at sun.reflect.NativeMethodAccessorImpl.invoke(Unknown Source)
                        	at sun.reflect.DelegatingMethodAccessorImpl.invoke(Unknown Source)
                        	at java.lang.reflect.Method.invoke(Unknown Source)
                        	at org.testng.internal.MethodInvocationHelper.invokeMethod(MethodInvocationHelper.java:84)
                        	at org.testng.internal.Invoker.invokeMethod(Invoker.java:714)
                        	at org.testng.internal.Invoker.invokeTestMethod(Invoker.java:901)
                        	at org.testng.internal.Invoker.invokeTestMethods(Invoker.java:1231)
                        	at org.testng.internal.TestMethodWorker.invokeTestMethods(TestMethodWorker.java:127)
                        	at org.testng.internal.TestMethodWorker.run(TestMethodWorker.java:111)
                        	at org.testng.TestRunner.privateRun(TestRunner.java:767)
                        	at org.testng.TestRunner.run(TestRunner.java:617)
                        	at org.testng.SuiteRunner.runTest(SuiteRunner.java:334)
                        	at org.testng.SuiteRunner.runSequentially(SuiteRunner.java:329)
                        	at org.testng.SuiteRunner.privateRun(SuiteRunner.java:291)
                        	at org.testng.SuiteRunner.run(SuiteRunner.java:240)
                        	at org.testng.SuiteRunnerWorker.runSuite(SuiteRunnerWorker.java:52)
                        	at org.testng.SuiteRunnerWorker.run(SuiteRunnerWorker.java:86)
                        	at org.testng.TestNG.runSuitesSequentially(TestNG.java:1224)
                        	at org.testng.TestNG.runSuitesLocally(TestNG.java:1149)
                        	at org.testng.TestNG.run(TestNG.java:1057)
                        	at org.testng.TestNG.privateMain(TestNG.java:1364)
                        	at org.testng.TestNG.main(TestNG.java:1333)
                     </pre>
                  </div>
               </td>
            </tr>
            <tr id="com.web.testcase.PropertyPayManageTest_BeforeMethod_byClass_PASS3_row"
                class="testMethodStatusPASS testMethodStatusCONF">
               <td width="100%" class="firstMethodCell">
                  <a onclick="toggleDetailsVisibility('com.web.testcase.PropertyPayManageTest_BeforeMethod_byClass_PASS3_details')">BeforeMethod()</a>
               </td>
               <td nowrap="true">10:53:48</td>
               <td nowrap="true" align="right">0 ms
                  
               </td>
               <td nowrap="true">
                   
                  
               </td>
            </tr>
            <tr>
               <td colspan="4"
                   style="padding: 0; background-color: white; border-style: none; height: 0px;">
                  <div id="com.web.testcase.PropertyPayManageTest_BeforeMethod_byClass_PASS3_details"
                       class="testMethodDetails">
                     <div>
                        <b>Name:
                           
                        </b>BeforeMethod
                     </div>
                     <div>
                        <b>Signature:
                           
                        </b>BeforeMethod()[pri:0, instance:com.web.testcase.PropertyPayManageTest@6fffcba5]
                     </div>
                     <div>
                        <b>Start time:
                           
                        </b>10:53:48
                     </div>
                     <div>
                        <b>End time:
                           
                        </b>10:53:48
                     </div>
                     <div>
                        <b>Duration:
                           
                        </b>0 ms
                        
                     </div>
                  </div>
               </td>
            </tr>
            <tr></tr>
            <tr id="com.web.testcase.PropertyPayManageTest_afterClass_byClass_PASS4_row"
                class="testMethodStatusPASS testMethodStatusCONF">
               <td width="100%" class="firstMethodCell">
                  <a onclick="toggleDetailsVisibility('com.web.testcase.PropertyPayManageTest_afterClass_byClass_PASS4_details')">afterClass()</a>
               </td>
               <td nowrap="true">10:54:18</td>
               <td nowrap="true" align="right">0 ms
                  
               </td>
               <td nowrap="true">
                   
                  
               </td>
            </tr>
            <tr>
               <td colspan="4"
                   style="padding: 0; background-color: white; border-style: none; height: 0px;">
                  <div id="com.web.testcase.PropertyPayManageTest_afterClass_byClass_PASS4_details"
                       class="testMethodDetails">
                     <div>
                        <b>Name:
                           
                        </b>afterClass
                     </div>
                     <div>
                        <b>Signature:
                           
                        </b>afterClass()[pri:0, instance:com.web.testcase.PropertyPayManageTest@6fffcba5]
                     </div>
                     <div>
                        <b>Start time:
                           
                        </b>10:54:18
                     </div>
                     <div>
                        <b>End time:
                           
                        </b>10:54:18
                     </div>
                     <div>
                        <b>Duration:
                           
                        </b>0 ms
                        
                     </div>
                  </div>
               </td>
            </tr>
            <tr></tr>
         </table>
         <br></br>
      </div>
      <div style="margin-top: 15px; color: gray; text-align: center; font-size: 9px;">
         Generated with
         
         <a href="http://code.google.com/p/testng-xslt/" style="color: #8888aa;"
            target="_blank">
            TestNG XSLT
            
         </a>
      </div>
   </body>
</html>